============================================================
  Generated by:           Genus(TM) Synthesis Solution 19.13-s073_1
  Generated on:           Apr 09 2023  07:13:13 am
  Module:                 boundFlasher_tb
  Technology libraries:   slow_1v0 
                          pll 0.0
                          CDK_S128x16 0.0
                          CDK_S256x16 0.0
                          CDK_R512x16 0.0
                          physical_cells 
  Operating conditions:   slow 
  Interconnect mode:      global
  Area mode:              physical library
============================================================

Timing
--------

Clock Period 
-------------
clk   1200.0 


  Cost    Critical         Violating 
 Group   Path Slack  TNS     Paths   
-------------------------------------
clk             0.0   0.0          0 
default    No paths   0.0            
-------------------------------------
Total                 0.0          0 

Instance Count
--------------
Leaf Instance Count             285 
Physical Instance count           0 
Sequential Instance Count        22 
Combinational Instance Count    263 
Hierarchical Instance Count       0 

Area
----
Cell Area                          959.430
Physical Cell Area                 0.000
Total Cell Area (Cell+Physical)    959.430
Net Area                           333.743
Total Area (Cell+Physical+Net)     1293.173

Runtime                            0.0 seconds
Elapsed Runtime                    33 seconds
Genus peak memory usage            1022.04 
Innovus peak memory usage          no_value 
Hostname                           localhost
